mai. 22, 2024 9:19:16 PM Console.ConsoleService main
INFO: Programa iniciado.
mai. 22, 2024 9:19:16 PM Console.ConsoleService main
INFO: Mensagem de boas-vindas exibida.
mai. 22, 2024 9:19:36 PM Console.ConsoleService main
INFO: Nome da empresa: Renan
mai. 22, 2024 9:19:49 PM Console.ConsoleService main
INFO: Senha recebida.
mai. 22, 2024 9:19:50 PM Console.ConsoleService main
INFO: Login bem-sucedido para o usu치rio: Renan
mai. 22, 2024 9:19:57 PM Console.ConsoleService$1 run
INFO: Coleta de dados iniciada. Contagem: 1
mai. 22, 2024 9:20:04 PM Console.ConsoleService$1 run
INFO: Coleta de dados iniciada. Contagem: 2
mai. 22, 2024 9:20:06 PM Console.ConsoleService main
INFO: Coleta de dados cancelada.
mai. 22, 2024 9:20:08 PM Console.ConsoleService main
INFO: Programa encerrado pelo usu치rio: Renan
mai. 22, 2024 9:26:13 PM Console.ConsoleService main
INFO: Programa iniciado.
mai. 22, 2024 9:26:14 PM Console.ConsoleService main
INFO: Mensagem de boas-vindas exibida.
mai. 22, 2024 9:26:18 PM Console.ConsoleService main
INFO: Nome da empresa: bvfgv fg
mai. 22, 2024 9:26:21 PM Console.ConsoleService main
INFO: Senha recebida.
mai. 22, 2024 9:26:22 PM Console.ConsoleService main
WARNING: Login inv치lido para o usu치rio: bvfgv fg
